<?xml version="1.0" encoding="UTF-8"?>
<!-- Generated by org.testng.reporters.JUnitXMLReporter -->
<testsuite ignored="0" hostname="swaroop-HP-Notebook" failures="1" tests="1" name="Find New Car Test" time="0.099" errors="0" timestamp="03 Apr 2023 06:16:53 GMT">
  <testcase classname="testcases.findNewCarTest" name="findNewCarTest" time="0.082">
    <failure type="org.testng.internal.reflect.MethodMatcherException" message="
Data provider mismatch
Method: findNewCarTest([Parameter{index=0, type=java.lang.String, declaredAnnotations=[]}, Parameter{index=1, type=java.lang.String, declaredAnnotations=[]}])
Arguments: [(java.lang.String) chrome,(java.lang.String) Y,(java.lang.String) ,(java.lang.String) ]">
      <![CDATA[org.testng.internal.reflect.MethodMatcherException: 
Data provider mismatch
Method: findNewCarTest([Parameter{index=0, type=java.lang.String, declaredAnnotations=[]}, Parameter{index=1, type=java.lang.String, declaredAnnotations=[]}])
Arguments: [(java.lang.String) chrome,(java.lang.String) Y,(java.lang.String) ,(java.lang.String) ]
... Removed 20 stack frames]]>
    </failure>
  </testcase> <!-- findNewCarTest -->
</testsuite> <!-- Find New Car Test -->
